[debug] [2017-11-17T11:17:41.018Z] ----------------------------------------------------------------------
[debug] [2017-11-17T11:17:41.020Z] Command:       C:\Program Files\nodejs\node.exe C:\Users\robin\AppData\Roaming\npm\node_modules\firebase-tools\bin\firebase deploy
[debug] [2017-11-17T11:17:41.020Z] CLI Version:   3.13.1
[debug] [2017-11-17T11:17:41.020Z] Platform:      win32
[debug] [2017-11-17T11:17:41.020Z] Node Version:  v8.9.0
[debug] [2017-11-17T11:17:41.021Z] Time:          Fri Nov 17 2017 12:17:41 GMT+0100 (W. Europe Standard Time)
[debug] [2017-11-17T11:17:41.021Z] ----------------------------------------------------------------------
[debug] 
[debug] [2017-11-17T11:17:41.032Z] > command requires scopes: ["email","openid","https://www.googleapis.com/auth/cloudplatformprojects.readonly","https://www.googleapis.com/auth/firebase","https://www.googleapis.com/auth/cloud-platform"]
[debug] [2017-11-17T11:17:41.032Z] > authorizing via signed-in user
[debug] [2017-11-17T11:17:41.034Z] > refreshing access token with scopes: ["email","https://www.googleapis.com/auth/cloud-platform","https://www.googleapis.com/auth/cloudplatformprojects.readonly","https://www.googleapis.com/auth/firebase","openid"]
[debug] [2017-11-17T11:17:41.034Z] >>> HTTP REQUEST POST https://www.googleapis.com/oauth2/v3/token { refresh_token: '1/syKkoY1Dhdo1RbsR_LX0C4oQHatV7ZWw054u-4VMi7M',
  client_id: '563584335869-fgrhgmd47bqnekij5i8b5pr03ho849e6.apps.googleusercontent.com',
  client_secret: 'j9iVZfS8kkCEFUPaAeJV0sAi',
  grant_type: 'refresh_token',
  scope: 'email https://www.googleapis.com/auth/cloud-platform https://www.googleapis.com/auth/cloudplatformprojects.readonly https://www.googleapis.com/auth/firebase openid' } 
 Fri Nov 17 2017 12:17:41 GMT+0100 (W. Europe Standard Time)
[info] 
[warn] !  Your CLI authentication needs to be updated to take advantage of new features.
[warn] !  Please run firebase login --reauth
[info] 
[debug] [2017-11-17T11:17:52.384Z] > command requires scopes: ["email","openid","https://www.googleapis.com/auth/cloudplatformprojects.readonly","https://www.googleapis.com/auth/firebase"]
[debug] [2017-11-17T11:17:52.385Z] > authorizing via signed-in user
[debug] [2017-11-17T11:17:52.386Z] > refreshing access token with scopes: ["email","https://www.googleapis.com/auth/cloudplatformprojects.readonly","https://www.googleapis.com/auth/firebase","openid"]
[debug] [2017-11-17T11:17:52.386Z] >>> HTTP REQUEST POST https://www.googleapis.com/oauth2/v3/token { refresh_token: '1/syKkoY1Dhdo1RbsR_LX0C4oQHatV7ZWw054u-4VMi7M',
  client_id: '563584335869-fgrhgmd47bqnekij5i8b5pr03ho849e6.apps.googleusercontent.com',
  client_secret: 'j9iVZfS8kkCEFUPaAeJV0sAi',
  grant_type: 'refresh_token',
  scope: 'email https://www.googleapis.com/auth/cloudplatformprojects.readonly https://www.googleapis.com/auth/firebase openid' } 
 Fri Nov 17 2017 12:17:52 GMT+0100 (W. Europe Standard Time)
